<?xml version="1.0" encoding="UTF-8"?>
<!-- Generated by org.testng.reporters.JUnitXMLReporter -->
<testsuite hostname="Shivansh-PC" ignored="0" name="Default test" tests="2" failures="0" timestamp="02 Nov 2022 02:30:42 GMT" time="29.338" errors="0">
  <testcase name="verifyRegistrationFunctionality" time="7.468" classname="com.codemind.b3project.testCases.HomePageTestCases"/>
  <testcase name="verifyValidLogin" time="10.539" classname="com.codemind.b3project.testCases.HomePageTestCases"/>
</testsuite> <!-- Default test -->
