<?xml version="1.0" encoding="UTF-8"?>
<!-- Generated by org.testng.reporters.JUnitXMLReporter -->
<testsuite hostname="Shivansh-PC" ignored="0" name="Test" tests="3" failures="0" timestamp="05 Nov 2022 01:46:22 GMT" time="44.366" errors="0">
  <testcase name="verifySuccessfullRegistration" time="12.033" classname="com.codemind.b3project.testCases.RegistrationTestCases"/>
  <testcase name="verifyRegistrationFunctionality" time="6.584" classname="com.codemind.b3project.testCases.HomePageTestCases"/>
  <testcase name="verifyValidLogin" time="8.046" classname="com.codemind.b3project.testCases.HomePageTestCases"/>
</testsuite> <!-- Test -->
