<?xml version="1.0" encoding="UTF-8"?>
<!-- Generated by org.testng.reporters.JUnitXMLReporter -->
<testsuite hostname="Shivansh-PC" ignored="0" name="Test" tests="3" failures="0" timestamp="02 Nov 2022 02:40:36 GMT" time="50.963" errors="0">
  <testcase name="verifySuccessfullRegistration" time="14.937" classname="com.codemind.b3project.testCases.RegistrationTestCases"/>
  <testcase name="verifyRegistrationFunctionality" time="8.639" classname="com.codemind.b3project.testCases.HomePageTestCases"/>
  <testcase name="verifyValidLogin" time="10.749" classname="com.codemind.b3project.testCases.HomePageTestCases"/>
</testsuite> <!-- Test -->
