<?xml version="1.0" encoding="UTF-8"?>
<testng-results skipped="0" failed="0" ignored="0" total="3" passed="3">
  <reporter-output>
    <line>
      <![CDATA[Test case started verifySuccessfullRegistration]]>
    </line>
    <line>
      <![CDATA[Test case passed verifySuccessfullRegistration]]>
    </line>
    <line>
      <![CDATA[Test case started verifyRegistrationFunctionality]]>
    </line>
    <line>
      <![CDATA[Test case passed verifyRegistrationFunctionality]]>
    </line>
    <line>
      <![CDATA[Test case started verifyValidLogin]]>
    </line>
    <line>
      <![CDATA[Test case passed verifyValidLogin]]>
    </line>
  </reporter-output>
  <suite name="Suite" duration-ms="44366" started-at="2022-11-05T01:45:37Z" finished-at="2022-11-05T01:46:22Z">
    <groups>
    </groups>
    <test name="Test" duration-ms="44366" started-at="2022-11-05T01:45:37Z" finished-at="2022-11-05T01:46:22Z">
      <class name="com.codemind.b3project.testCases.HomePageTestCases">
        <test-method status="PASS" signature="initilizeBrowser()[pri:0, instance:com.codemind.b3project.testCases.HomePageTestCases@10bdf5e5]" name="initilizeBrowser" is-config="true" duration-ms="3291" started-at="2022-11-05T01:46:00Z" finished-at="2022-11-05T01:46:03Z">
          <reporter-output>
          </reporter-output>
        </test-method> <!-- initilizeBrowser -->
        <test-method status="PASS" signature="verifyRegistrationFunctionality()[pri:0, instance:com.codemind.b3project.testCases.HomePageTestCases@10bdf5e5]" name="verifyRegistrationFunctionality" duration-ms="6584" started-at="2022-11-05T01:46:03Z" finished-at="2022-11-05T01:46:09Z">
          <reporter-output>
            <line>
              <![CDATA[Test case started verifyRegistrationFunctionality]]>
            </line>
            <line>
              <![CDATA[Test case passed verifyRegistrationFunctionality]]>
            </line>
          </reporter-output>
        </test-method> <!-- verifyRegistrationFunctionality -->
        <test-method status="PASS" signature="tearDown(org.testng.ITestResult)[pri:0, instance:com.codemind.b3project.testCases.HomePageTestCases@10bdf5e5]" name="tearDown" is-config="true" duration-ms="778" started-at="2022-11-05T01:46:09Z" finished-at="2022-11-05T01:46:10Z">
          <params>
            <param index="0">
              <value>
                <![CDATA[[TestResult name=verifyRegistrationFunctionality status=SUCCESS method=HomePageTestCases.verifyRegistrationFunctionality()[pri:0, instance:com.codemind.b3project.testCases.HomePageTestCases@10bdf5e5] output=Test case started verifyRegistrationFunctionality]]]>
              </value>
            </param>
          </params>
          <reporter-output>
          </reporter-output>
        </test-method> <!-- tearDown -->
        <test-method status="PASS" signature="initilizeBrowser()[pri:0, instance:com.codemind.b3project.testCases.HomePageTestCases@10bdf5e5]" name="initilizeBrowser" is-config="true" duration-ms="2302" started-at="2022-11-05T01:46:10Z" finished-at="2022-11-05T01:46:13Z">
          <reporter-output>
          </reporter-output>
        </test-method> <!-- initilizeBrowser -->
        <test-method status="PASS" signature="verifyValidLogin(java.lang.String, java.lang.String)[pri:0, instance:com.codemind.b3project.testCases.HomePageTestCases@10bdf5e5]" name="verifyValidLogin" duration-ms="8046" started-at="2022-11-05T01:46:13Z" description="This test case with data provider" data-provider="myDataProvider" finished-at="2022-11-05T01:46:21Z">
          <params>
            <param index="0">
              <value>
                <![CDATA[user1]]>
              </value>
            </param>
            <param index="1">
              <value>
                <![CDATA[password1]]>
              </value>
            </param>
          </params>
          <reporter-output>
            <line>
              <![CDATA[Test case started verifyValidLogin]]>
            </line>
            <line>
              <![CDATA[Test case passed verifyValidLogin]]>
            </line>
          </reporter-output>
        </test-method> <!-- verifyValidLogin -->
        <test-method status="PASS" signature="tearDown(org.testng.ITestResult)[pri:0, instance:com.codemind.b3project.testCases.HomePageTestCases@10bdf5e5]" name="tearDown" is-config="true" duration-ms="1277" started-at="2022-11-05T01:46:21Z" finished-at="2022-11-05T01:46:22Z">
          <params>
            <param index="0">
              <value>
                <![CDATA[[TestResult name=verifyValidLogin status=SUCCESS method=HomePageTestCases.verifyValidLogin(java.lang.String, java.lang.String)[pri:0, instance:com.codemind.b3project.testCases.HomePageTestCases@10bdf5e5] output=Test case started verifyValidLogin]]]>
              </value>
            </param>
          </params>
          <reporter-output>
          </reporter-output>
        </test-method> <!-- tearDown -->
      </class> <!-- com.codemind.b3project.testCases.HomePageTestCases -->
      <class name="com.codemind.b3project.testCases.RegistrationTestCases">
        <test-method status="PASS" signature="initilizeBrowser()[pri:0, instance:com.codemind.b3project.testCases.RegistrationTestCases@dc24521]" name="initilizeBrowser" is-config="true" duration-ms="8617" started-at="2022-11-05T01:45:38Z" finished-at="2022-11-05T01:45:46Z">
          <reporter-output>
          </reporter-output>
        </test-method> <!-- initilizeBrowser -->
        <test-method status="PASS" signature="verifySuccessfullRegistration()[pri:0, instance:com.codemind.b3project.testCases.RegistrationTestCases@dc24521]" name="verifySuccessfullRegistration" duration-ms="12033" started-at="2022-11-05T01:45:46Z" finished-at="2022-11-05T01:45:58Z">
          <reporter-output>
            <line>
              <![CDATA[Test case started verifySuccessfullRegistration]]>
            </line>
            <line>
              <![CDATA[Test case passed verifySuccessfullRegistration]]>
            </line>
          </reporter-output>
        </test-method> <!-- verifySuccessfullRegistration -->
        <test-method status="PASS" signature="tearDown(org.testng.ITestResult)[pri:0, instance:com.codemind.b3project.testCases.RegistrationTestCases@dc24521]" name="tearDown" is-config="true" duration-ms="1315" started-at="2022-11-05T01:45:58Z" finished-at="2022-11-05T01:46:00Z">
          <params>
            <param index="0">
              <value>
                <![CDATA[[TestResult name=verifySuccessfullRegistration status=SUCCESS method=RegistrationTestCases.verifySuccessfullRegistration()[pri:0, instance:com.codemind.b3project.testCases.RegistrationTestCases@dc24521] output=Test case started verifySuccessfullRegistration]]]>
              </value>
            </param>
          </params>
          <reporter-output>
          </reporter-output>
        </test-method> <!-- tearDown -->
      </class> <!-- com.codemind.b3project.testCases.RegistrationTestCases -->
    </test> <!-- Test -->
  </suite> <!-- Suite -->
</testng-results>
